[debug] [2022-07-20T19:01:34.570Z] ----------------------------------------------------------------------
[debug] [2022-07-20T19:01:34.575Z] Command:       D:\nodeJS\node.exe C:\Users\meena\AppData\Roaming\npm\node_modules\firebase-tools\lib\bin\firebase.js emulators:start
[debug] [2022-07-20T19:01:34.576Z] CLI Version:   11.3.0
[debug] [2022-07-20T19:01:34.577Z] Platform:      win32
[debug] [2022-07-20T19:01:34.577Z] Node Version:  v18.0.0
[debug] [2022-07-20T19:01:34.580Z] Time:          Thu Jul 21 2022 00:31:34 GMT+0530 (India Standard Time)
[debug] [2022-07-20T19:01:34.580Z] ----------------------------------------------------------------------
[debug] 
[debug] [2022-07-20T19:01:34.688Z] > command requires scopes: ["email","openid","https://www.googleapis.com/auth/cloudplatformprojects.readonly","https://www.googleapis.com/auth/firebase","https://www.googleapis.com/auth/cloud-platform"]
[debug] [2022-07-20T19:01:34.689Z] > authorizing via signed-in user (ashishtech1711@gmail.com)
[info] i  emulators: Starting emulators: functions, hosting {"metadata":{"emulator":{"name":"hub"},"message":"Starting emulators: functions, hosting"}}
[debug] [2022-07-20T19:01:34.872Z] [hub] writing locator at C:\Users\meena\AppData\Local\Temp\hub-challenge-4d2b9.json
[warn] !  functions: The following emulators are not running, calls to these services from the Functions emulator will affect production: auth, firestore, database, pubsub, storage {"metadata":{"emulator":{"name":"functions"},"message":"The following emulators are not running, calls to these services from the Functions emulator will affect production: \u001b[1mauth, firestore, database, pubsub, storage\u001b[22m"}}
[warn] !  Your requested "node" version "16" doesn't match your global version "18". Using node@18 from host. {"metadata":{"emulator":{"name":"functions"},"message":"Your requested \"node\" version \"16\" doesn't match your global version \"18\". Using node@18 from host."}}
[debug] [2022-07-20T19:01:35.104Z] defaultcredentials: writing to file C:\Users\meena\AppData\Roaming\firebase\ashishtech1711_gmail_com_application_default_credentials.json
[debug] [2022-07-20T19:01:35.132Z] Setting GAC to C:\Users\meena\AppData\Roaming\firebase\ashishtech1711_gmail_com_application_default_credentials.json {"metadata":{"emulator":{"name":"functions"},"message":"Setting GAC to C:\\Users\\meena\\AppData\\Roaming\\firebase\\ashishtech1711_gmail_com_application_default_credentials.json"}}
[debug] [2022-07-20T19:01:35.141Z] >>> [apiv2][query] GET https://firebase.googleapis.com/v1beta1/projects/challenge-4d2b9/adminSdkConfig [none]
[debug] [2022-07-20T19:01:35.706Z] <<< [apiv2][status] GET https://firebase.googleapis.com/v1beta1/projects/challenge-4d2b9/adminSdkConfig 200
[debug] [2022-07-20T19:01:35.707Z] <<< [apiv2][body] GET https://firebase.googleapis.com/v1beta1/projects/challenge-4d2b9/adminSdkConfig {"projectId":"challenge-4d2b9","storageBucket":"challenge-4d2b9.appspot.com"}
[debug] [2022-07-20T19:01:35.744Z] >>> [apiv2][query] GET https://firebasehosting.googleapis.com/v1beta1/projects/challenge-4d2b9/sites 
[debug] [2022-07-20T19:01:38.886Z] <<< [apiv2][status] GET https://firebasehosting.googleapis.com/v1beta1/projects/challenge-4d2b9/sites 200
[debug] [2022-07-20T19:01:38.886Z] <<< [apiv2][body] GET https://firebasehosting.googleapis.com/v1beta1/projects/challenge-4d2b9/sites {"sites":[{"name":"projects/challenge-4d2b9/sites/challenge-4d2b9","defaultUrl":"https://challenge-4d2b9.web.app","appId":"1:304243224015:web:a1c9f49054e3cb204336ba","type":"DEFAULT_SITE"}]}
[debug] [2022-07-20T19:01:38.886Z] >>> [apiv2][query] GET https://firebase.googleapis.com/v1beta1/projects/challenge-4d2b9/webApps/1:304243224015:web:a1c9f49054e3cb204336ba/config [none]
[debug] [2022-07-20T19:01:40.482Z] <<< [apiv2][status] GET https://firebase.googleapis.com/v1beta1/projects/challenge-4d2b9/webApps/1:304243224015:web:a1c9f49054e3cb204336ba/config 200
[debug] [2022-07-20T19:01:40.483Z] <<< [apiv2][body] GET https://firebase.googleapis.com/v1beta1/projects/challenge-4d2b9/webApps/1:304243224015:web:a1c9f49054e3cb204336ba/config {"projectId":"challenge-4d2b9","appId":"1:304243224015:web:a1c9f49054e3cb204336ba","storageBucket":"challenge-4d2b9.appspot.com","apiKey":"AIzaSyD2db1ZpVj_5wgQzyqWTknDHouIOGr4DMA","authDomain":"challenge-4d2b9.firebaseapp.com","messagingSenderId":"304243224015","measurementId":"G-N4P28L4LKE"}
[info] i  hosting: Serving hosting files from: build {"metadata":{"emulator":{"name":"hosting"},"message":"Serving hosting files from: \u001b[1mbuild\u001b[22m"}}
[info] +  hosting: Local server: http://localhost:5000 {"metadata":{"emulator":{"name":"hosting"},"message":"Local server: \u001b[4m\u001b[1mhttp://localhost:5000\u001b[22m\u001b[24m"}}
[debug] [2022-07-20T19:01:40.572Z] Ignoring unsupported arg: auto_download {"metadata":{"emulator":{"name":"ui"},"message":"Ignoring unsupported arg: auto_download"}}
[debug] [2022-07-20T19:01:40.572Z] Ignoring unsupported arg: port {"metadata":{"emulator":{"name":"ui"},"message":"Ignoring unsupported arg: port"}}
[debug] [2022-07-20T19:01:40.573Z] Starting Emulator UI with command {"binary":"node","args":["C:\\Users\\meena\\.cache\\firebase\\emulators\\ui-v1.8.1\\server\\server.js"],"optionalArgs":[],"joinArgs":false} {"metadata":{"emulator":{"name":"ui"},"message":"Starting Emulator UI with command {\"binary\":\"node\",\"args\":[\"C:\\\\Users\\\\meena\\\\.cache\\\\firebase\\\\emulators\\\\ui-v1.8.1\\\\server\\\\server.js\"],\"optionalArgs\":[],\"joinArgs\":false}"}}
[info] i  ui: Emulator UI logging to ui-debug.log {"metadata":{"emulator":{"name":"ui"},"message":"Emulator UI logging to \u001b[1mui-debug.log\u001b[22m"}}
[debug] [2022-07-20T19:01:40.897Z] Web / API server started at localhost:4000
 {"metadata":{"emulator":{"name":"ui"},"message":"Web / API server started at localhost:4000\n"}}
[info] i  functions: Watching "D:\clones\amazon-clone\functions" for Cloud Functions... {"metadata":{"emulator":{"name":"functions"},"message":"Watching \"D:\\clones\\amazon-clone\\functions\" for Cloud Functions..."}}
[debug] [2022-07-20T19:01:41.151Z] Validating nodejs source
[debug] [2022-07-20T19:01:45.563Z] > [functions] package.json contents: {
  "name": "functions",
  "description": "Cloud Functions for Firebase",
  "scripts": {
    "lint": "eslint .",
    "serve": "firebase emulators:start --only functions",
    "shell": "firebase functions:shell",
    "start": "npm run shell",
    "deploy": "firebase deploy --only functions",
    "logs": "firebase functions:log"
  },
  "engines": {
    "node": "16"
  },
  "main": "index.js",
  "dependencies": {
    "cors": "^2.8.5",
    "express": "^4.18.1",
    "firebase-admin": "^10.0.2",
    "firebase-functions": "^3.18.0",
    "stripe": "^9.14.0"
  },
  "devDependencies": {
    "eslint": "^8.9.0",
    "eslint-config-google": "^0.14.0",
    "firebase-functions-test": "^0.2.0"
  },
  "private": true
}
[debug] [2022-07-20T19:01:45.563Z] Building nodejs source
[debug] [2022-07-20T19:01:45.563Z] Analyzing nodejs backend spec
[debug] [2022-07-20T19:01:45.565Z] Could not find functions.yaml. Must use http discovery
[debug] [2022-07-20T19:01:46.062Z] Serving at port 9005

[debug] [2022-07-20T19:01:46.198Z] Got response from /__/functions.yaml {"endpoints":{},"specVersion":"v1alpha1","requiredAPIs":[]}
[debug] [2022-07-20T19:01:46.206Z] shutdown requested via /__/quitquitquit

[info] 
┌─────────────────────────────────────────────────────────────┐
│ ✔  All emulators ready! It is now safe to connect your app. │
│ i  View Emulator UI at http://localhost:4000                │
└─────────────────────────────────────────────────────────────┘

┌───────────┬────────────────┬─────────────────────────────────┐
│ Emulator  │ Host:Port      │ View in Emulator UI             │
├───────────┼────────────────┼─────────────────────────────────┤
│ Functions │ localhost:5001 │ http://localhost:4000/functions │
├───────────┼────────────────┼─────────────────────────────────┤
│ Hosting   │ localhost:5000 │ n/a                             │
└───────────┴────────────────┴─────────────────────────────────┘
  Emulator Hub running at localhost:4400
  Other reserved ports: 4500

Issues? Report them at https://github.com/firebase/firebase-tools/issues and attach the *-debug.log files.
 
[debug] [2022-07-20T19:06:31.910Z] File D:\clones\amazon-clone\functions\index.js changed, reloading triggers {"metadata":{"emulator":{"name":"functions"},"message":"File D:\\clones\\amazon-clone\\functions\\index.js changed, reloading triggers"}}
[debug] [2022-07-20T19:06:32.921Z] Validating nodejs source
[debug] [2022-07-20T19:06:39.549Z] > [functions] package.json contents: {
  "name": "functions",
  "description": "Cloud Functions for Firebase",
  "scripts": {
    "lint": "eslint .",
    "serve": "firebase emulators:start --only functions",
    "shell": "firebase functions:shell",
    "start": "npm run shell",
    "deploy": "firebase deploy --only functions",
    "logs": "firebase functions:log"
  },
  "engines": {
    "node": "16"
  },
  "main": "index.js",
  "dependencies": {
    "cors": "^2.8.5",
    "express": "^4.18.1",
    "firebase-admin": "^10.0.2",
    "firebase-functions": "^3.18.0",
    "stripe": "^9.14.0"
  },
  "devDependencies": {
    "eslint": "^8.9.0",
    "eslint-config-google": "^0.14.0",
    "firebase-functions-test": "^0.2.0"
  },
  "private": true
}
[debug] [2022-07-20T19:06:39.550Z] Building nodejs source
[debug] [2022-07-20T19:06:39.550Z] Analyzing nodejs backend spec
[debug] [2022-07-20T19:06:39.551Z] Could not find functions.yaml. Must use http discovery
[debug] [2022-07-20T19:06:40.067Z] Serving at port 9005

[debug] [2022-07-20T19:06:43.934Z] Got response from /__/functions.yaml {"endpoints":{"api":{"platform":"gcfv1","httpsTrigger":{},"entryPoint":"api"}},"specVersion":"v1alpha1","requiredAPIs":[]}
[debug] [2022-07-20T19:06:43.945Z] shutdown requested via /__/quitquitquit

[info] +  functions[us-central1-api]: http function initialized (http://localhost:5001/challenge-4d2b9/us-central1/api). {"metadata":{"emulator":{"name":"functions"},"message":"\u001b[1mhttp\u001b[22m function initialized (http://localhost:5001/challenge-4d2b9/us-central1/api)."}}
[debug] [2022-07-20T19:39:15.472Z] Received signal SIGHUP 1
